0 info it worked if it ends with ok
1 verbose cli [ 'C:\\nodejs\\node.exe',
1 verbose cli   'E:\\Nodejs\\node_global\\node_modules\\npm\\bin\\npm-cli.js',
1 verbose cli   'start' ]
2 info using npm@3.10.10
3 info using node@v10.11.0
4 verbose run-script [ 'prestart', 'start', 'poststart' ]
5 info lifecycle server@0.0.0~prestart: server@0.0.0
6 silly lifecycle server@0.0.0~prestart: no script for prestart, continuing
7 info lifecycle server@0.0.0~start: server@0.0.0
8 verbose lifecycle server@0.0.0~start: unsafe-perm in lifecycle true
9 verbose lifecycle server@0.0.0~start: PATH: E:\Nodejs\node_global\node_modules\npm\bin\node-gyp-bin;D:\Projekt\LoraWAN\Lora-master\app-20210206\node_modules\.bin;D:\Projekt\LoraWAN\Lora-master\node_modules\.bin;C:\Windows\system32;C:\Windows;C:\Windows\System32\Wbem;C:\Windows\System32\WindowsPowerShell\v1.0\;C:\Windows\System32\OpenSSH\;C:\Program Files (x86)\NVIDIA Corporation\PhysX\Common;C:\Program Files\NVIDIA Corporation\NVIDIA NvDLISR;C:\WINDOWS\system32;C:\WINDOWS;C:\WINDOWS\System32\Wbem;C:\WINDOWS\System32\WindowsPowerShell\v1.0\;C:\WINDOWS\System32\OpenSSH\;C:\MongoDB\bin;C:\nodejs\;E:\ffmpeg\bin;C:\Program Files\Git\cmd;D:\Redis\;E:\Python;;C:\Program Files\Docker\Docker\resources\bin;C:\ProgramData\DockerDesktop\version-bin;E:\Python\Scripts\;E:\Python\;C:\Users\L\AppData\Local\Microsoft\WindowsApps;E:\Nodejs\node_global;E:\WebStorm 2020.1.2\bin;;C:\Users\L\AppData\Roaming\npm;E:\ffmpeg\bin;E:\PyCharm Community Edition 2020.2\bin;;C:\Users\L\AppData\Local\GitHubDesktop\bin
10 verbose lifecycle server@0.0.0~start: CWD: D:\Projekt\LoraWAN\Lora-master\app-20210206
11 silly lifecycle server@0.0.0~start: Args: [ '/d /s /c', 'node ./bin/www' ]
12 verbose stack Error: kill ENOSYS
12 verbose stack     at process.kill (internal/process/per_thread.js:198:13)
12 verbose stack     at process.listener (E:\Nodejs\node_global\node_modules\npm\node_modules\npmlog\node_modules\gauge\node_modules\signal-exit\index.js:86:15)
12 verbose stack     at process.emit (events.js:187:15)
13 verbose cwd D:\Projekt\LoraWAN\Lora-master\app-20210206
14 error Windows_NT 10.0.19041
15 error argv "C:\\nodejs\\node.exe" "E:\\Nodejs\\node_global\\node_modules\\npm\\bin\\npm-cli.js" "start"
16 error node v10.11.0
17 error npm  v3.10.10
18 error code ENOSYS
19 error errno ENOSYS
20 error syscall kill
21 error kill ENOSYS
22 error If you need help, you may report this error at:
22 error     <https://github.com/npm/npm/issues>
23 verbose exit [ 1, true ]
